<?xml version="1.0" encoding="UTF-8"?>
<!-- Generated by org.testng.reporters.JUnitReportReporter -->
<testsuite hostname="LAPTOP-BDL305ER" failures="0" tests="1" name="Practicemvn.LaunchTest" time="12.244" errors="0" timestamp="2023-07-13T20:18:12 IST" skipped="0">
  <testcase classname="Practicemvn.LaunchTest" name="test1" time="12.244"/>
  <system-out/>
</testsuite> <!-- Practicemvn.LaunchTest -->
